<?xml version="1.0" encoding="UTF-8"?>
<testsuite xmlns:xsi="http://www.w3.org/2001/XMLSchema-instance" xsi:noNamespaceSchemaLocation="https://maven.apache.org/surefire/maven-surefire-plugin/xsd/surefire-test-report.xsd" name="com.example.webfluxdemo.WebfluxDemoApplicationTests" time="14.523" tests="5" errors="0" skipped="0" failures="0">
  <properties>
    <property name="sun.desktop" value="windows"/>
    <property name="awt.toolkit" value="sun.awt.windows.WToolkit"/>
    <property name="java.specification.version" value="9"/>
    <property name="file.encoding.pkg" value="sun.io"/>
    <property name="sun.cpu.isalist" value="amd64"/>
    <property name="sun.jnu.encoding" value="Cp1252"/>
    <property name="java.class.path" value="C:\Users\dahope\IdeaProjects\spring-webflux-reactive-rest-api-demo\target\test-classes;C:\Users\dahope\IdeaProjects\spring-webflux-reactive-rest-api-demo\target\classes;C:\Users\dahope\.m2\repository\org\springframework\boot\spring-boot-starter-data-mongodb-reactive\2.1.6.RELEASE\spring-boot-starter-data-mongodb-reactive-2.1.6.RELEASE.jar;C:\Users\dahope\.m2\repository\org\springframework\boot\spring-boot-starter\2.1.6.RELEASE\spring-boot-starter-2.1.6.RELEASE.jar;C:\Users\dahope\.m2\repository\org\springframework\boot\spring-boot\2.1.6.RELEASE\spring-boot-2.1.6.RELEASE.jar;C:\Users\dahope\.m2\repository\org\springframework\boot\spring-boot-autoconfigure\2.1.6.RELEASE\spring-boot-autoconfigure-2.1.6.RELEASE.jar;C:\Users\dahope\.m2\repository\org\springframework\boot\spring-boot-starter-logging\2.1.6.RELEASE\spring-boot-starter-logging-2.1.6.RELEASE.jar;C:\Users\dahope\.m2\repository\ch\qos\logback\logback-classic\1.2.3\logback-classic-1.2.3.jar;C:\Users\dahope\.m2\repository\ch\qos\logback\logback-core\1.2.3\logback-core-1.2.3.jar;C:\Users\dahope\.m2\repository\org\apache\logging\log4j\log4j-to-slf4j\2.11.2\log4j-to-slf4j-2.11.2.jar;C:\Users\dahope\.m2\repository\org\apache\logging\log4j\log4j-api\2.11.2\log4j-api-2.11.2.jar;C:\Users\dahope\.m2\repository\org\slf4j\jul-to-slf4j\1.7.26\jul-to-slf4j-1.7.26.jar;C:\Users\dahope\.m2\repository\javax\annotation\javax.annotation-api\1.3.2\javax.annotation-api-1.3.2.jar;C:\Users\dahope\.m2\repository\org\yaml\snakeyaml\1.23\snakeyaml-1.23.jar;C:\Users\dahope\.m2\repository\org\springframework\data\spring-data-mongodb\2.1.9.RELEASE\spring-data-mongodb-2.1.9.RELEASE.jar;C:\Users\dahope\.m2\repository\org\springframework\spring-tx\5.1.8.RELEASE\spring-tx-5.1.8.RELEASE.jar;C:\Users\dahope\.m2\repository\org\springframework\spring-context\5.1.8.RELEASE\spring-context-5.1.8.RELEASE.jar;C:\Users\dahope\.m2\repository\org\springframework\spring-aop\5.1.8.RELEASE\spring-aop-5.1.8.RELEASE.jar;C:\Users\dahope\.m2\repository\org\springframework\spring-beans\5.1.8.RELEASE\spring-beans-5.1.8.RELEASE.jar;C:\Users\dahope\.m2\repository\org\springframework\spring-expression\5.1.8.RELEASE\spring-expression-5.1.8.RELEASE.jar;C:\Users\dahope\.m2\repository\org\springframework\data\spring-data-commons\2.1.9.RELEASE\spring-data-commons-2.1.9.RELEASE.jar;C:\Users\dahope\.m2\repository\org\slf4j\slf4j-api\1.7.26\slf4j-api-1.7.26.jar;C:\Users\dahope\.m2\repository\org\mongodb\mongodb-driver\3.8.2\mongodb-driver-3.8.2.jar;C:\Users\dahope\.m2\repository\org\mongodb\bson\3.8.2\bson-3.8.2.jar;C:\Users\dahope\.m2\repository\org\mongodb\mongodb-driver-core\3.8.2\mongodb-driver-core-3.8.2.jar;C:\Users\dahope\.m2\repository\org\mongodb\mongodb-driver-async\3.8.2\mongodb-driver-async-3.8.2.jar;C:\Users\dahope\.m2\repository\org\mongodb\mongodb-driver-reactivestreams\1.9.2\mongodb-driver-reactivestreams-1.9.2.jar;C:\Users\dahope\.m2\repository\org\reactivestreams\reactive-streams\1.0.2\reactive-streams-1.0.2.jar;C:\Users\dahope\.m2\repository\io\projectreactor\reactor-core\3.2.10.RELEASE\reactor-core-3.2.10.RELEASE.jar;C:\Users\dahope\.m2\repository\org\springframework\boot\spring-boot-starter-webflux\2.1.6.RELEASE\spring-boot-starter-webflux-2.1.6.RELEASE.jar;C:\Users\dahope\.m2\repository\org\springframework\boot\spring-boot-starter-json\2.1.6.RELEASE\spring-boot-starter-json-2.1.6.RELEASE.jar;C:\Users\dahope\.m2\repository\com\fasterxml\jackson\core\jackson-databind\2.9.9\jackson-databind-2.9.9.jar;C:\Users\dahope\.m2\repository\com\fasterxml\jackson\core\jackson-annotations\2.9.0\jackson-annotations-2.9.0.jar;C:\Users\dahope\.m2\repository\com\fasterxml\jackson\core\jackson-core\2.9.9\jackson-core-2.9.9.jar;C:\Users\dahope\.m2\repository\com\fasterxml\jackson\datatype\jackson-datatype-jdk8\2.9.9\jackson-datatype-jdk8-2.9.9.jar;C:\Users\dahope\.m2\repository\com\fasterxml\jackson\datatype\jackson-datatype-jsr310\2.9.9\jackson-datatype-jsr310-2.9.9.jar;C:\Users\dahope\.m2\repository\com\fasterxml\jackson\module\jackson-module-parameter-names\2.9.9\jackson-module-parameter-names-2.9.9.jar;C:\Users\dahope\.m2\repository\org\springframework\boot\spring-boot-starter-reactor-netty\2.1.6.RELEASE\spring-boot-starter-reactor-netty-2.1.6.RELEASE.jar;C:\Users\dahope\.m2\repository\io\projectreactor\netty\reactor-netty\0.8.9.RELEASE\reactor-netty-0.8.9.RELEASE.jar;C:\Users\dahope\.m2\repository\io\netty\netty-codec-http\4.1.36.Final\netty-codec-http-4.1.36.Final.jar;C:\Users\dahope\.m2\repository\io\netty\netty-common\4.1.36.Final\netty-common-4.1.36.Final.jar;C:\Users\dahope\.m2\repository\io\netty\netty-buffer\4.1.36.Final\netty-buffer-4.1.36.Final.jar;C:\Users\dahope\.m2\repository\io\netty\netty-transport\4.1.36.Final\netty-transport-4.1.36.Final.jar;C:\Users\dahope\.m2\repository\io\netty\netty-resolver\4.1.36.Final\netty-resolver-4.1.36.Final.jar;C:\Users\dahope\.m2\repository\io\netty\netty-codec\4.1.36.Final\netty-codec-4.1.36.Final.jar;C:\Users\dahope\.m2\repository\io\netty\netty-codec-http2\4.1.36.Final\netty-codec-http2-4.1.36.Final.jar;C:\Users\dahope\.m2\repository\io\netty\netty-handler\4.1.36.Final\netty-handler-4.1.36.Final.jar;C:\Users\dahope\.m2\repository\io\netty\netty-handler-proxy\4.1.36.Final\netty-handler-proxy-4.1.36.Final.jar;C:\Users\dahope\.m2\repository\io\netty\netty-codec-socks\4.1.36.Final\netty-codec-socks-4.1.36.Final.jar;C:\Users\dahope\.m2\repository\io\netty\netty-transport-native-epoll\4.1.36.Final\netty-transport-native-epoll-4.1.36.Final-linux-x86_64.jar;C:\Users\dahope\.m2\repository\io\netty\netty-transport-native-unix-common\4.1.36.Final\netty-transport-native-unix-common-4.1.36.Final.jar;C:\Users\dahope\.m2\repository\org\glassfish\javax.el\3.0.0\javax.el-3.0.0.jar;C:\Users\dahope\.m2\repository\org\hibernate\validator\hibernate-validator\6.0.17.Final\hibernate-validator-6.0.17.Final.jar;C:\Users\dahope\.m2\repository\javax\validation\validation-api\2.0.1.Final\validation-api-2.0.1.Final.jar;C:\Users\dahope\.m2\repository\org\jboss\logging\jboss-logging\3.3.2.Final\jboss-logging-3.3.2.Final.jar;C:\Users\dahope\.m2\repository\com\fasterxml\classmate\1.4.0\classmate-1.4.0.jar;C:\Users\dahope\.m2\repository\org\springframework\spring-web\5.1.8.RELEASE\spring-web-5.1.8.RELEASE.jar;C:\Users\dahope\.m2\repository\org\springframework\spring-webflux\5.1.8.RELEASE\spring-webflux-5.1.8.RELEASE.jar;C:\Users\dahope\.m2\repository\org\synchronoss\cloud\nio-multipart-parser\1.1.0\nio-multipart-parser-1.1.0.jar;C:\Users\dahope\.m2\repository\org\synchronoss\cloud\nio-stream-storage\1.1.3\nio-stream-storage-1.1.3.jar;C:\Users\dahope\.m2\repository\org\springframework\boot\spring-boot-starter-test\2.1.6.RELEASE\spring-boot-starter-test-2.1.6.RELEASE.jar;C:\Users\dahope\.m2\repository\org\springframework\boot\spring-boot-test\2.1.6.RELEASE\spring-boot-test-2.1.6.RELEASE.jar;C:\Users\dahope\.m2\repository\org\springframework\boot\spring-boot-test-autoconfigure\2.1.6.RELEASE\spring-boot-test-autoconfigure-2.1.6.RELEASE.jar;C:\Users\dahope\.m2\repository\com\jayway\jsonpath\json-path\2.4.0\json-path-2.4.0.jar;C:\Users\dahope\.m2\repository\net\minidev\json-smart\2.3\json-smart-2.3.jar;C:\Users\dahope\.m2\repository\net\minidev\accessors-smart\1.2\accessors-smart-1.2.jar;C:\Users\dahope\.m2\repository\org\ow2\asm\asm\5.0.4\asm-5.0.4.jar;C:\Users\dahope\.m2\repository\junit\junit\4.12\junit-4.12.jar;C:\Users\dahope\.m2\repository\org\assertj\assertj-core\3.11.1\assertj-core-3.11.1.jar;C:\Users\dahope\.m2\repository\org\mockito\mockito-core\2.23.4\mockito-core-2.23.4.jar;C:\Users\dahope\.m2\repository\net\bytebuddy\byte-buddy\1.9.13\byte-buddy-1.9.13.jar;C:\Users\dahope\.m2\repository\net\bytebuddy\byte-buddy-agent\1.9.13\byte-buddy-agent-1.9.13.jar;C:\Users\dahope\.m2\repository\org\objenesis\objenesis\2.6\objenesis-2.6.jar;C:\Users\dahope\.m2\repository\org\hamcrest\hamcrest-core\1.3\hamcrest-core-1.3.jar;C:\Users\dahope\.m2\repository\org\hamcrest\hamcrest-library\1.3\hamcrest-library-1.3.jar;C:\Users\dahope\.m2\repository\org\skyscreamer\jsonassert\1.5.0\jsonassert-1.5.0.jar;C:\Users\dahope\.m2\repository\com\vaadin\external\google\android-json\0.0.20131108.vaadin1\android-json-0.0.20131108.vaadin1.jar;C:\Users\dahope\.m2\repository\org\springframework\spring-core\5.1.8.RELEASE\spring-core-5.1.8.RELEASE.jar;C:\Users\dahope\.m2\repository\org\springframework\spring-jcl\5.1.8.RELEASE\spring-jcl-5.1.8.RELEASE.jar;C:\Users\dahope\.m2\repository\org\springframework\spring-test\5.1.8.RELEASE\spring-test-5.1.8.RELEASE.jar;C:\Users\dahope\.m2\repository\org\xmlunit\xmlunit-core\2.6.2\xmlunit-core-2.6.2.jar;C:\Users\dahope\.m2\repository\javax\xml\bind\jaxb-api\2.3.1\jaxb-api-2.3.1.jar;C:\Users\dahope\.m2\repository\javax\activation\javax.activation-api\1.2.0\javax.activation-api-1.2.0.jar;C:\Users\dahope\.m2\repository\io\projectreactor\reactor-test\3.2.10.RELEASE\reactor-test-3.2.10.RELEASE.jar;C:\Users\dahope\.m2\repository\de\flapdoodle\embed\de.flapdoodle.embed.mongo\2.1.2\de.flapdoodle.embed.mongo-2.1.2.jar;C:\Users\dahope\.m2\repository\de\flapdoodle\embed\de.flapdoodle.embed.process\2.1.2\de.flapdoodle.embed.process-2.1.2.jar;C:\Users\dahope\.m2\repository\org\apache\commons\commons-lang3\3.8.1\commons-lang3-3.8.1.jar;C:\Users\dahope\.m2\repository\net\java\dev\jna\jna\4.5.2\jna-4.5.2.jar;C:\Users\dahope\.m2\repository\net\java\dev\jna\jna-platform\4.5.2\jna-platform-4.5.2.jar;C:\Users\dahope\.m2\repository\org\apache\commons\commons-compress\1.18\commons-compress-1.18.jar;"/>
    <property name="java.vm.vendor" value="Oracle Corporation"/>
    <property name="sun.arch.data.model" value="64"/>
    <property name="user.variant" value=""/>
    <property name="java.vendor.url" value="http://java.oracle.com/"/>
    <property name="user.timezone" value="America/New_York"/>
    <property name="java.vm.specification.version" value="9"/>
    <property name="os.name" value="Windows 10"/>
    <property name="sun.java.launcher" value="SUN_STANDARD"/>
    <property name="user.country" value="US"/>
    <property name="sun.boot.library.path" value="C:\Program Files\Java\jdk-9.0.1\bin"/>
    <property name="sun.java.command" value="C:\Users\dahope\AppData\Local\Temp\surefire1826212243153476981\surefirebooter9837760079690597796.jar C:\Users\dahope\AppData\Local\Temp\surefire1826212243153476981 2020-01-13T06-55-11_461-jvmRun1 surefire13139505883991557294tmp surefire_014621405892791874551tmp"/>
    <property name="jdk.debug" value="release"/>
    <property name="surefire.test.class.path" value="C:\Users\dahope\IdeaProjects\spring-webflux-reactive-rest-api-demo\target\test-classes;C:\Users\dahope\IdeaProjects\spring-webflux-reactive-rest-api-demo\target\classes;C:\Users\dahope\.m2\repository\org\springframework\boot\spring-boot-starter-data-mongodb-reactive\2.1.6.RELEASE\spring-boot-starter-data-mongodb-reactive-2.1.6.RELEASE.jar;C:\Users\dahope\.m2\repository\org\springframework\boot\spring-boot-starter\2.1.6.RELEASE\spring-boot-starter-2.1.6.RELEASE.jar;C:\Users\dahope\.m2\repository\org\springframework\boot\spring-boot\2.1.6.RELEASE\spring-boot-2.1.6.RELEASE.jar;C:\Users\dahope\.m2\repository\org\springframework\boot\spring-boot-autoconfigure\2.1.6.RELEASE\spring-boot-autoconfigure-2.1.6.RELEASE.jar;C:\Users\dahope\.m2\repository\org\springframework\boot\spring-boot-starter-logging\2.1.6.RELEASE\spring-boot-starter-logging-2.1.6.RELEASE.jar;C:\Users\dahope\.m2\repository\ch\qos\logback\logback-classic\1.2.3\logback-classic-1.2.3.jar;C:\Users\dahope\.m2\repository\ch\qos\logback\logback-core\1.2.3\logback-core-1.2.3.jar;C:\Users\dahope\.m2\repository\org\apache\logging\log4j\log4j-to-slf4j\2.11.2\log4j-to-slf4j-2.11.2.jar;C:\Users\dahope\.m2\repository\org\apache\logging\log4j\log4j-api\2.11.2\log4j-api-2.11.2.jar;C:\Users\dahope\.m2\repository\org\slf4j\jul-to-slf4j\1.7.26\jul-to-slf4j-1.7.26.jar;C:\Users\dahope\.m2\repository\javax\annotation\javax.annotation-api\1.3.2\javax.annotation-api-1.3.2.jar;C:\Users\dahope\.m2\repository\org\yaml\snakeyaml\1.23\snakeyaml-1.23.jar;C:\Users\dahope\.m2\repository\org\springframework\data\spring-data-mongodb\2.1.9.RELEASE\spring-data-mongodb-2.1.9.RELEASE.jar;C:\Users\dahope\.m2\repository\org\springframework\spring-tx\5.1.8.RELEASE\spring-tx-5.1.8.RELEASE.jar;C:\Users\dahope\.m2\repository\org\springframework\spring-context\5.1.8.RELEASE\spring-context-5.1.8.RELEASE.jar;C:\Users\dahope\.m2\repository\org\springframework\spring-aop\5.1.8.RELEASE\spring-aop-5.1.8.RELEASE.jar;C:\Users\dahope\.m2\repository\org\springframework\spring-beans\5.1.8.RELEASE\spring-beans-5.1.8.RELEASE.jar;C:\Users\dahope\.m2\repository\org\springframework\spring-expression\5.1.8.RELEASE\spring-expression-5.1.8.RELEASE.jar;C:\Users\dahope\.m2\repository\org\springframework\data\spring-data-commons\2.1.9.RELEASE\spring-data-commons-2.1.9.RELEASE.jar;C:\Users\dahope\.m2\repository\org\slf4j\slf4j-api\1.7.26\slf4j-api-1.7.26.jar;C:\Users\dahope\.m2\repository\org\mongodb\mongodb-driver\3.8.2\mongodb-driver-3.8.2.jar;C:\Users\dahope\.m2\repository\org\mongodb\bson\3.8.2\bson-3.8.2.jar;C:\Users\dahope\.m2\repository\org\mongodb\mongodb-driver-core\3.8.2\mongodb-driver-core-3.8.2.jar;C:\Users\dahope\.m2\repository\org\mongodb\mongodb-driver-async\3.8.2\mongodb-driver-async-3.8.2.jar;C:\Users\dahope\.m2\repository\org\mongodb\mongodb-driver-reactivestreams\1.9.2\mongodb-driver-reactivestreams-1.9.2.jar;C:\Users\dahope\.m2\repository\org\reactivestreams\reactive-streams\1.0.2\reactive-streams-1.0.2.jar;C:\Users\dahope\.m2\repository\io\projectreactor\reactor-core\3.2.10.RELEASE\reactor-core-3.2.10.RELEASE.jar;C:\Users\dahope\.m2\repository\org\springframework\boot\spring-boot-starter-webflux\2.1.6.RELEASE\spring-boot-starter-webflux-2.1.6.RELEASE.jar;C:\Users\dahope\.m2\repository\org\springframework\boot\spring-boot-starter-json\2.1.6.RELEASE\spring-boot-starter-json-2.1.6.RELEASE.jar;C:\Users\dahope\.m2\repository\com\fasterxml\jackson\core\jackson-databind\2.9.9\jackson-databind-2.9.9.jar;C:\Users\dahope\.m2\repository\com\fasterxml\jackson\core\jackson-annotations\2.9.0\jackson-annotations-2.9.0.jar;C:\Users\dahope\.m2\repository\com\fasterxml\jackson\core\jackson-core\2.9.9\jackson-core-2.9.9.jar;C:\Users\dahope\.m2\repository\com\fasterxml\jackson\datatype\jackson-datatype-jdk8\2.9.9\jackson-datatype-jdk8-2.9.9.jar;C:\Users\dahope\.m2\repository\com\fasterxml\jackson\datatype\jackson-datatype-jsr310\2.9.9\jackson-datatype-jsr310-2.9.9.jar;C:\Users\dahope\.m2\repository\com\fasterxml\jackson\module\jackson-module-parameter-names\2.9.9\jackson-module-parameter-names-2.9.9.jar;C:\Users\dahope\.m2\repository\org\springframework\boot\spring-boot-starter-reactor-netty\2.1.6.RELEASE\spring-boot-starter-reactor-netty-2.1.6.RELEASE.jar;C:\Users\dahope\.m2\repository\io\projectreactor\netty\reactor-netty\0.8.9.RELEASE\reactor-netty-0.8.9.RELEASE.jar;C:\Users\dahope\.m2\repository\io\netty\netty-codec-http\4.1.36.Final\netty-codec-http-4.1.36.Final.jar;C:\Users\dahope\.m2\repository\io\netty\netty-common\4.1.36.Final\netty-common-4.1.36.Final.jar;C:\Users\dahope\.m2\repository\io\netty\netty-buffer\4.1.36.Final\netty-buffer-4.1.36.Final.jar;C:\Users\dahope\.m2\repository\io\netty\netty-transport\4.1.36.Final\netty-transport-4.1.36.Final.jar;C:\Users\dahope\.m2\repository\io\netty\netty-resolver\4.1.36.Final\netty-resolver-4.1.36.Final.jar;C:\Users\dahope\.m2\repository\io\netty\netty-codec\4.1.36.Final\netty-codec-4.1.36.Final.jar;C:\Users\dahope\.m2\repository\io\netty\netty-codec-http2\4.1.36.Final\netty-codec-http2-4.1.36.Final.jar;C:\Users\dahope\.m2\repository\io\netty\netty-handler\4.1.36.Final\netty-handler-4.1.36.Final.jar;C:\Users\dahope\.m2\repository\io\netty\netty-handler-proxy\4.1.36.Final\netty-handler-proxy-4.1.36.Final.jar;C:\Users\dahope\.m2\repository\io\netty\netty-codec-socks\4.1.36.Final\netty-codec-socks-4.1.36.Final.jar;C:\Users\dahope\.m2\repository\io\netty\netty-transport-native-epoll\4.1.36.Final\netty-transport-native-epoll-4.1.36.Final-linux-x86_64.jar;C:\Users\dahope\.m2\repository\io\netty\netty-transport-native-unix-common\4.1.36.Final\netty-transport-native-unix-common-4.1.36.Final.jar;C:\Users\dahope\.m2\repository\org\glassfish\javax.el\3.0.0\javax.el-3.0.0.jar;C:\Users\dahope\.m2\repository\org\hibernate\validator\hibernate-validator\6.0.17.Final\hibernate-validator-6.0.17.Final.jar;C:\Users\dahope\.m2\repository\javax\validation\validation-api\2.0.1.Final\validation-api-2.0.1.Final.jar;C:\Users\dahope\.m2\repository\org\jboss\logging\jboss-logging\3.3.2.Final\jboss-logging-3.3.2.Final.jar;C:\Users\dahope\.m2\repository\com\fasterxml\classmate\1.4.0\classmate-1.4.0.jar;C:\Users\dahope\.m2\repository\org\springframework\spring-web\5.1.8.RELEASE\spring-web-5.1.8.RELEASE.jar;C:\Users\dahope\.m2\repository\org\springframework\spring-webflux\5.1.8.RELEASE\spring-webflux-5.1.8.RELEASE.jar;C:\Users\dahope\.m2\repository\org\synchronoss\cloud\nio-multipart-parser\1.1.0\nio-multipart-parser-1.1.0.jar;C:\Users\dahope\.m2\repository\org\synchronoss\cloud\nio-stream-storage\1.1.3\nio-stream-storage-1.1.3.jar;C:\Users\dahope\.m2\repository\org\springframework\boot\spring-boot-starter-test\2.1.6.RELEASE\spring-boot-starter-test-2.1.6.RELEASE.jar;C:\Users\dahope\.m2\repository\org\springframework\boot\spring-boot-test\2.1.6.RELEASE\spring-boot-test-2.1.6.RELEASE.jar;C:\Users\dahope\.m2\repository\org\springframework\boot\spring-boot-test-autoconfigure\2.1.6.RELEASE\spring-boot-test-autoconfigure-2.1.6.RELEASE.jar;C:\Users\dahope\.m2\repository\com\jayway\jsonpath\json-path\2.4.0\json-path-2.4.0.jar;C:\Users\dahope\.m2\repository\net\minidev\json-smart\2.3\json-smart-2.3.jar;C:\Users\dahope\.m2\repository\net\minidev\accessors-smart\1.2\accessors-smart-1.2.jar;C:\Users\dahope\.m2\repository\org\ow2\asm\asm\5.0.4\asm-5.0.4.jar;C:\Users\dahope\.m2\repository\junit\junit\4.12\junit-4.12.jar;C:\Users\dahope\.m2\repository\org\assertj\assertj-core\3.11.1\assertj-core-3.11.1.jar;C:\Users\dahope\.m2\repository\org\mockito\mockito-core\2.23.4\mockito-core-2.23.4.jar;C:\Users\dahope\.m2\repository\net\bytebuddy\byte-buddy\1.9.13\byte-buddy-1.9.13.jar;C:\Users\dahope\.m2\repository\net\bytebuddy\byte-buddy-agent\1.9.13\byte-buddy-agent-1.9.13.jar;C:\Users\dahope\.m2\repository\org\objenesis\objenesis\2.6\objenesis-2.6.jar;C:\Users\dahope\.m2\repository\org\hamcrest\hamcrest-core\1.3\hamcrest-core-1.3.jar;C:\Users\dahope\.m2\repository\org\hamcrest\hamcrest-library\1.3\hamcrest-library-1.3.jar;C:\Users\dahope\.m2\repository\org\skyscreamer\jsonassert\1.5.0\jsonassert-1.5.0.jar;C:\Users\dahope\.m2\repository\com\vaadin\external\google\android-json\0.0.20131108.vaadin1\android-json-0.0.20131108.vaadin1.jar;C:\Users\dahope\.m2\repository\org\springframework\spring-core\5.1.8.RELEASE\spring-core-5.1.8.RELEASE.jar;C:\Users\dahope\.m2\repository\org\springframework\spring-jcl\5.1.8.RELEASE\spring-jcl-5.1.8.RELEASE.jar;C:\Users\dahope\.m2\repository\org\springframework\spring-test\5.1.8.RELEASE\spring-test-5.1.8.RELEASE.jar;C:\Users\dahope\.m2\repository\org\xmlunit\xmlunit-core\2.6.2\xmlunit-core-2.6.2.jar;C:\Users\dahope\.m2\repository\javax\xml\bind\jaxb-api\2.3.1\jaxb-api-2.3.1.jar;C:\Users\dahope\.m2\repository\javax\activation\javax.activation-api\1.2.0\javax.activation-api-1.2.0.jar;C:\Users\dahope\.m2\repository\io\projectreactor\reactor-test\3.2.10.RELEASE\reactor-test-3.2.10.RELEASE.jar;C:\Users\dahope\.m2\repository\de\flapdoodle\embed\de.flapdoodle.embed.mongo\2.1.2\de.flapdoodle.embed.mongo-2.1.2.jar;C:\Users\dahope\.m2\repository\de\flapdoodle\embed\de.flapdoodle.embed.process\2.1.2\de.flapdoodle.embed.process-2.1.2.jar;C:\Users\dahope\.m2\repository\org\apache\commons\commons-lang3\3.8.1\commons-lang3-3.8.1.jar;C:\Users\dahope\.m2\repository\net\java\dev\jna\jna\4.5.2\jna-4.5.2.jar;C:\Users\dahope\.m2\repository\net\java\dev\jna\jna-platform\4.5.2\jna-platform-4.5.2.jar;C:\Users\dahope\.m2\repository\org\apache\commons\commons-compress\1.18\commons-compress-1.18.jar;"/>
    <property name="sun.cpu.endian" value="little"/>
    <property name="user.home" value="C:\Users\dahope"/>
    <property name="user.language" value="en"/>
    <property name="java.specification.vendor" value="Oracle Corporation"/>
    <property name="java.home" value="C:\Program Files\Java\jdk-9.0.1"/>
    <property name="file.separator" value="\"/>
    <property name="basedir" value="C:\Users\dahope\IdeaProjects\spring-webflux-reactive-rest-api-demo"/>
    <property name="java.vm.compressedOopsMode" value="Zero based"/>
    <property name="line.separator" value="&#10;"/>
    <property name="java.vm.specification.vendor" value="Oracle Corporation"/>
    <property name="java.specification.name" value="Java Platform API Specification"/>
    <property name="java.awt.graphicsenv" value="sun.awt.Win32GraphicsEnvironment"/>
    <property name="surefire.real.class.path" value="C:\Users\dahope\AppData\Local\Temp\surefire1826212243153476981\surefirebooter9837760079690597796.jar"/>
    <property name="user.script" value=""/>
    <property name="sun.management.compiler" value="HotSpot 64-Bit Tiered Compilers"/>
    <property name="java.runtime.version" value="9.0.1+11"/>
    <property name="user.name" value="dahope"/>
    <property name="path.separator" value=";"/>
    <property name="os.version" value="10.0"/>
    <property name="java.runtime.name" value="Java(TM) SE Runtime Environment"/>
    <property name="file.encoding" value="Cp1252"/>
    <property name="java.vm.name" value="Java HotSpot(TM) 64-Bit Server VM"/>
    <property name="localRepository" value="C:\Users\dahope\.m2\repository"/>
    <property name="java.vendor.url.bug" value="http://bugreport.java.com/bugreport/"/>
    <property name="java.io.tmpdir" value="C:\Users\dahope\AppData\Local\Temp\"/>
    <property name="java.version" value="9.0.1"/>
    <property name="user.dir" value="C:\Users\dahope\IdeaProjects\spring-webflux-reactive-rest-api-demo"/>
    <property name="os.arch" value="amd64"/>
    <property name="java.vm.specification.name" value="Java Virtual Machine Specification"/>
    <property name="java.awt.printerjob" value="sun.awt.windows.WPrinterJob"/>
    <property name="sun.os.patch.level" value=""/>
    <property name="java.library.path" value="C:\Program Files\Java\jdk-9.0.1\bin;C:\WINDOWS\Sun\Java\bin;C:\WINDOWS\system32;C:\WINDOWS;C:\Program Files (x86)\Common Files\Oracle\Java\javapath;C:\ProgramData\Oracle\Java\javapath;C:\Program Files (x86)\Intel\iCLS Client\;C:\Program Files\Intel\iCLS Client\;C:\WINDOWS\system32;C:\WINDOWS;C:\WINDOWS\System32\Wbem;C:\WINDOWS\System32\WindowsPowerShell\v1.0\;C:\Program Files\PuTTY\;C:\apache-maven-3.5.2\bin;C:\Program Files\Java\jdk-9.0.1\bin;C:\Program Files\Git\cmd;C:\Program Files\nodejs\;C:\Program Files (x86)\Calibre2\;C:\WINDOWS\System32\OpenSSH\;C:\Program Files\Amazon\AWSCLI\;C:\Go\bin;C:\Program Files (x86)\sbt\bin;C:\Users\DJHope\Anaconda3;C:\Users\DJHope\Anaconda3\Library\mingw-w64\bin;C:\Users\DJHope\Anaconda3\Library\usr\bin;C:\Users\DJHope\Anaconda3\Library\bin;C:\Users\DJHope\Anaconda3\Scripts;C:\Users\DJHope\scoop\shims;C:\Users\DJHope\AppData\Local\Microsoft\WindowsApps;C:\Program Files\Docker Toolbox;C:\Users\DJHope\AppData\Roaming\npm;C:\Users\DJHope\AppData\Local\GitHubDesktop\bin;C:\Users\DJHope\go\bin;C:\Users\DJHope\Documen;C:\Program Files\dotnet\;C:\Program Files\IBM\MQ\bin64;C:\Program Files\IBM\MQ\bin;C:\Program Files\IBM\MQ\tools\c\samples\bin64;C:\Program Files\IBM\MQ\tools\c\samples\bin;C:\WINDOWS\system32;C:\WINDOWS;C:\WINDOWS\System32\Wbem;C:\WINDOWS\System32\WindowsPowerShell\v1.0\;C:\WINDOWS\System32\OpenSSH\;C:\Users\dahope\AppData\Local\Microsoft\WindowsApps;;C:\Users\dahope\AppData\Local\Programs\Microsoft VS Code\bin;."/>
    <property name="java.vm.info" value="mixed mode"/>
    <property name="java.vendor" value="Oracle Corporation"/>
    <property name="java.vm.version" value="9.0.1+11"/>
    <property name="sun.io.unicode.encoding" value="UnicodeLittle"/>
    <property name="java.class.version" value="53.0"/>
  </properties>
  <testcase name="testDeleteTweet" classname="com.example.webfluxdemo.WebfluxDemoApplicationTests" time="0.943"/>
  <testcase name="testUpdateTweet" classname="com.example.webfluxdemo.WebfluxDemoApplicationTests" time="0.317"/>
  <testcase name="testCreateTweet" classname="com.example.webfluxdemo.WebfluxDemoApplicationTests" time="0.018"/>
  <testcase name="testGetAllTweets" classname="com.example.webfluxdemo.WebfluxDemoApplicationTests" time="3.042"/>
  <testcase name="testGetSingleTweet" classname="com.example.webfluxdemo.WebfluxDemoApplicationTests" time="0.078"/>
</testsuite>